cherry@rhombus:~$ lsblk -f
NAME         FSTYPE   FSVER            LABEL                    UUID                                 FSAVAIL FSUSE% MOUNTPOINTS
loop0        squashfs 4.0                                                                                  0   100% /snap/arduino-cli/62
loop1        squashfs 4.0                                                                                  0   100% /snap/bare/5
loop2        squashfs 4.0                                                                                  0   100% /snap/core18/2979
loop3        squashfs 4.0                                                                                  0   100% /snap/core22/2292
loop4        squashfs 4.0                                                                                  0   100% /snap/core22/2339
loop5        squashfs 4.0                                                                                  0   100% /snap/firefox/7836
loop6        squashfs 4.0                                                                                  0   100% /snap/firefox/7901
loop7        squashfs 4.0                                                                                  0   100% /snap/gnome-42-2204/202
loop8        squashfs 4.0                                                                                  0   100% /snap/gnome-42-2204/247
loop9        squashfs 4.0                                                                                  0   100% /snap/gtk-common-themes/1535
loop10       squashfs 4.0                                                                                  0   100% /snap/snap-store/1216
loop11       squashfs 4.0                                                                                  0   100% /snap/snapd/25935
loop12       squashfs 4.0                                                                                  0   100% /snap/snapd-desktop-integration/343
loop13       squashfs 4.0                                                                                  0   100% /snap/core18/2999
mmcblk1                                                                                                             
|-mmcblk1p1  vfat     FAT32            SYSTEM                   0AA1-8D41                              40.1M    58% /boot/efi
|-mmcblk1p2                                                                                                         
|-mmcblk1p3  ntfs                      Windows                  505AA37D5AA35E8A                                    
|-mmcblk1p4  ntfs                      Recovery                 5C16A47816A45534                                    
`-mmcblk1p5  ext4     1.0                                       af35d9c9-6e3f-404d-bccb-c581f35c6488     12G    64% /home/***REDACTED_USER***/workspace/chaejinims2.github.io/.git/hooks
                                                                                                                    /home/***REDACTED_USER***/workspace/lpd3-gateway/.git/hooks
                                                                                                                    /home/***REDACTED_USER***/workspace/chaejinims2.github.io/.git/config
                                                                                                                    /var/snap/firefox/common/host-hunspell
                                                                                                                    /
mmcblk1boot0                                                                                                        
mmcblk1boot1                                                                                                        
mmcblk2      iso9660  Joliet Extension Ubuntu 22.04.4 LTS amd64 2024-02-20-19-39-27-00                              
|-mmcblk2p1  iso9660  Joliet Extension Ubuntu 22.04.4 LTS amd64 2024-02-20-19-39-27-00                     0   100% /media/cherry/Ubuntu 22.04.4 LTS amd64
|-mmcblk2p2  vfat     FAT12            ESP                      927C-33D8                                           
|-mmcblk2p3                                                                                                         
`-mmcblk2p4  ext4     1.0              writable                 8392e595-ad19-465f-82cf-b19381876d10   51.4G     0% /media/cherry/writable
